<?xml version="1.0" encoding="UTF-8"?>
<!-- Generated by org.testng.reporters.JUnitReportReporter -->
<testsuite skipped="0" hostname="Admin-PC" name="com.automationpratice.login.LoginpageTest" tests="3" failures="0" timestamp="26 Feb 2020 20:58:40 GMT" time="64.872" errors="0">
  <testcase name="createAccount" time="15.899" classname="com.automationpratice.login.LoginpageTest"/>
  <testcase name="ReturnUserSign" time="10.511" classname="com.automationpratice.login.LoginpageTest"/>
  <testcase name="buyDress" time="38.462" classname="com.automationpratice.login.LoginpageTest"/>
</testsuite> <!-- com.automationpratice.login.LoginpageTest -->
